<?xml version="1.0" encoding="UTF-8"?>
<!-- Generated by org.testng.reporters.JUnitReportReporter -->
<testsuite skipped="0" hostname="GIRISH-PC" name="DataDrivenTests.DataProviderTest" tests="9" failures="0" timestamp="12 Nov 2017 21:29:24 GMT" time="0.249" errors="0">
  <testcase name="test" time="0.001" classname="DataDrivenTests.DataProviderTest"/>
  <testcase name="dataValidTest" time="0.209" classname="DataDrivenTests.DataProviderTest"/>
  <testcase name="dataValidTest" time="0.002" classname="DataDrivenTests.DataProviderTest"/>
  <testcase name="test" time="0.001" classname="DataDrivenTests.DataProviderTest"/>
  <testcase name="dataValidTest" time="0.024" classname="DataDrivenTests.DataProviderTest"/>
  <testcase name="dataValidTest" time="0.007" classname="DataDrivenTests.DataProviderTest"/>
  <testcase name="dataValidTest" time="0.002" classname="DataDrivenTests.DataProviderTest"/>
  <testcase name="dataValidTest" time="0.001" classname="DataDrivenTests.DataProviderTest"/>
  <testcase name="dataValidTest" time="0.002" classname="DataDrivenTests.DataProviderTest"/>
</testsuite> <!-- DataDrivenTests.DataProviderTest -->
