<?xml version="1.0" encoding="UTF-8"?>
<!-- Generated by org.testng.reporters.JUnitReportReporter -->
<testsuite skipped="0" hostname="GIRISH-PC" name="ParameterizedTests.ParameterizedTest" tests="2" failures="0" timestamp="31 Oct 2017 22:36:12 GMT" time="0.023" errors="0">
  <testcase name="test2" time="0.002" classname="ParameterizedTests.ParameterizedTest"/>
  <testcase name="Test1" time="0.021" classname="ParameterizedTests.ParameterizedTest"/>
</testsuite> <!-- ParameterizedTests.ParameterizedTest -->
