<?xml version="1.0" encoding="UTF-8"?>
<!-- Generated by org.testng.reporters.JUnitReportReporter -->
<testsuite skipped="0" hostname="GIRISH-PC" name="SeleniumTestNGTests.Sample" tests="1" failures="0" timestamp="31 Oct 2017 16:09:07 GMT" time="8.024" errors="0">
  <testcase name="testBrowser" time="8.024" classname="SeleniumTestNGTests.Sample"/>
</testsuite> <!-- SeleniumTestNGTests.Sample -->
