<?xml version="1.0" encoding="UTF-8"?>
<!-- Generated by org.testng.reporters.JUnitReportReporter -->
<testsuite skipped="0" hostname="GIRISH-PC" name="DataDrivenTests.ReadExcel" tests="1" failures="0" timestamp="12 Nov 2017 21:29:23 GMT" time="4.468" errors="0">
  <testcase name="readExcelData" time="4.468" classname="DataDrivenTests.ReadExcel"/>
</testsuite> <!-- DataDrivenTests.ReadExcel -->
