<?xml version="1.0" encoding="UTF-8"?>
<!-- Generated by org.testng.reporters.JUnitReportReporter -->
<testsuite skipped="0" hostname="GIRISH-PC" name="SeleniumTestNGTests.SampleTest" tests="2" failures="0" timestamp="31 Oct 2017 22:38:33 GMT" time="59.472" errors="0">
  <testcase name="verifyTitle" time="59.467" classname="SeleniumTestNGTests.SampleTest"/>
  <testcase name="closeDriver" time="0.005" classname="SeleniumTestNGTests.SampleTest"/>
</testsuite> <!-- SeleniumTestNGTests.SampleTest -->
