<?xml version="1.0" encoding="UTF-8"?>
<!-- Generated by org.testng.reporters.JUnitReportReporter -->
<testsuite skipped="0" hostname="GIRISH-PC" name="SeleniumTestNGTests.ParameterizedTest" tests="2" failures="0" timestamp="31 Oct 2017 22:28:22 GMT" time="0.022" errors="0">
  <testcase name="test2" time="0.003" classname="SeleniumTestNGTests.ParameterizedTest"/>
  <testcase name="Test1" time="0.019" classname="SeleniumTestNGTests.ParameterizedTest"/>
</testsuite> <!-- SeleniumTestNGTests.ParameterizedTest -->
